Arguments: 
  /usr/local/Cellar/node/12.4.0/bin/node /usr/local/Cellar/yarn/1.17.0/libexec/bin/yarn.js publish

PATH: 
  /usr/local/bin:/usr/bin:/bin:/usr/sbin:/sbin:/Library/Apple/usr/bin:/Library/Apple/bin

Yarn version: 
  1.17.0

Node version: 
  12.4.0

Platform: 
  darwin x64

Trace: 
  Error: canceled
      at Interface.<anonymous> (/usr/local/Cellar/yarn/1.17.0/libexec/lib/cli.js:136699:13)
      at Interface.emit (events.js:200:13)
      at Interface._ttyWrite (readline.js:877:16)
      at ReadStream.onkeypress (readline.js:189:10)
      at ReadStream.emit (events.js:200:13)
      at emitKeys (internal/readline.js:424:14)
      at emitKeys.next (<anonymous>)
      at ReadStream.onData (readline.js:1145:36)
      at ReadStream.emit (events.js:200:13)
      at addChunk (_stream_readable.js:294:12)

npm manifest: 
  {
    "name": "@sendoutcards/apollo-codegen-typescript",
    "description": "TypeScript generator module for Apollo Codegen",
    "version": "0.27.24",
    "main": "./lib/index.js",
    "scripts": {
      "clean": "rm -rf lib",
      "prebuild": "npm run clean",
      "build": "tsc -p .",
      "watch": "tsc -w -p .",
      "test": "./node_modules/.bin/jest",
      "prepack": "npm run build"
    },
    "repository": {
      "type": "git",
      "url": "SendOutCards/apollo-cli"
    },
    "author": "Martijn Walraven <martijn@martijnwalraven.com>",
    "license": "MIT",
    "engines": {
      "node": ">=6.0",
      "npm": ">=5.0"
    },
    "devDependencies": {
      "@types/graphql": "^0.13.1",
      "@types/inflected": "^1.1.29",
      "graphql": "^0.13.1",
      "jest": "^22.0.3",
      "jest-matcher-utils": "^22.0.3",
      "lerna": "^2.11.0",
      "ts-jest": "^22.0.0",
      "typescript": "^2.6.2"
    },
    "dependencies": {
      "@babel/types": "7.1.6",
      "apollo-codegen-core": "^0.27.0",
      "change-case": "^3.0.1",
      "immutable": "4.0.0-rc.12",
      "inflected": "^2.0.3",
      "lodash": "^4.17.10"
    },
    "jest": {
      "testEnvironment": "node",
      "testMatch": [
        "**/__tests__/*.(js|ts)"
      ],
      "setupFiles": [
        "<rootDir>/../apollo-codegen-core/src/polyfills.ts"
      ],
      "testPathIgnorePatterns": [
        "<rootDir>/node_modules/",
        "<rootDir>/lib/",
        "<rootDir>/test/fixtures/",
        "<rootDir>/test/test-utils"
      ],
      "transform": {
        "^.+\\.(ts|js)x?$": "<rootDir>../../node_modules/ts-jest/preprocessor.js"
      },
      "moduleFileExtensions": [
        "ts",
        "js"
      ],
      "globals": {
        "ts-jest": {
          "tsConfigFile": "tsconfig.json",
          "skipBabel": true
        }
      }
    }
  }

yarn manifest: 
  No manifest

Lockfile: 
  No lockfile
